19.8.2025 15:03:19 [Notification] Client logger started.
19.8.2025 15:03:19 [Notification] Game Version: v1.20.12 (Stable)
19.8.2025 15:03:19 [Notification] Process path: D:\Vintagestory\Vintagestory.exe
19.8.2025 15:03:19 [Notification] Operating System: Windows 10.0.19045.0
19.8.2025 15:03:19 [Notification] CPU Cores: 8
19.8.2025 15:03:19 [Notification] Available RAM: 28652 MB
19.8.2025 15:03:20 [Notification] OpenAL Initialized. Available Mono/Stereo Sources: 255/1
19.8.2025 15:03:20 [Notification] Graphics Card Vendor: NVIDIA Corporation
19.8.2025 15:03:20 [Notification] Graphics Card Version: 3.3.0 NVIDIA 565.90
19.8.2025 15:03:20 [Notification] Graphics Card Renderer: NVIDIA RTX A4500/PCIe/SSE2
19.8.2025 15:03:20 [Notification] Graphics Card ShadingLanguageVersion: 3.30 NVIDIA via Cg compiler
19.8.2025 15:03:20 [Notification] GL.MaxVertexUniformComponents: 4096
19.8.2025 15:03:20 [Notification] GL.MaxUniformBlockSize: 65536
19.8.2025 15:03:20 [Notification] C# Framework: .net 7.0.10
19.8.2025 15:03:20 [Notification] Cairo Graphics Version: 1.17.3
19.8.2025 15:03:20 [Notification] OpenAL Version: 1.1 ALSOFT 1.23.0
19.8.2025 15:03:21 [Notification] Zstd Version: 1.5.5
19.8.2025 15:03:21 [Notification] Start discovering assets
19.8.2025 15:03:21 [Notification] Found 29 base assets in category lang
19.8.2025 15:03:21 [Notification] Found 0 base assets in category patches
19.8.2025 15:03:21 [Notification] Found 24 base assets in category config
19.8.2025 15:03:21 [Notification] Found 0 base assets in category worldproperties
19.8.2025 15:03:21 [Notification] Found 49 base assets in category sounds
19.8.2025 15:03:21 [Notification] Found 95 base assets in category shapes
19.8.2025 15:03:21 [Notification] Found 80 base assets in category shaders
19.8.2025 15:03:21 [Notification] Found 18 base assets in category shaderincludes
19.8.2025 15:03:21 [Notification] Found 140 base assets in category textures
19.8.2025 15:03:21 [Notification] Found 4 base assets in category music
19.8.2025 15:03:21 [Notification] Found 0 base assets in category dialog
19.8.2025 15:03:21 [Notification] Found 439 base assets in total
19.8.2025 15:03:21 [Notification] Loading sounds
19.8.2025 15:03:21 [Notification] (Re-)loaded frame buffers
19.8.2025 15:03:21 [Notification] Loaded Shaderprogramm for render pass .
19.8.2025 15:03:21 [Notification] Sounds loaded
19.8.2025 15:03:21 [Notification] Begin loading shaders
19.8.2025 15:03:21 [Notification] Load shaders now
19.8.2025 15:03:21 [Notification] Loading shaders...
19.8.2025 15:03:22 [Notification] Loaded Shaderprogramm for render pass standard.
19.8.2025 15:03:22 [Notification] Loaded Shaderprogramm for render pass particlescube.
19.8.2025 15:03:22 [Notification] Loaded Shaderprogramm for render pass particlesquad.
19.8.2025 15:03:22 [Notification] Loaded Shaderprogramm for render pass sky.
19.8.2025 15:03:22 [Notification] Loaded Shaderprogramm for render pass nightsky.
19.8.2025 15:03:22 [Notification] Loaded Shaderprogramm for render pass woittest.
19.8.2025 15:03:22 [Notification] Loaded Shaderprogramm for render pass transparentcompose.
19.8.2025 15:03:22 [Notification] Loaded Shaderprogramm for render pass debugdepthbuffer.
19.8.2025 15:03:22 [Notification] Loaded Shaderprogramm for render pass helditem.
19.8.2025 15:03:22 [Notification] Loaded Shaderprogramm for render pass chunkopaque.
19.8.2025 15:03:22 [Notification] Loaded Shaderprogramm for render pass chunkliquid.
19.8.2025 15:03:22 [Notification] Loaded Shaderprogramm for render pass decals.
19.8.2025 15:03:22 [Notification] Loaded Shaderprogramm for render pass final.
19.8.2025 15:03:22 [Notification] Loaded Shaderprogramm for render pass gui.
19.8.2025 15:03:22 [Notification] Loaded Shaderprogramm for render pass blur.
19.8.2025 15:03:22 [Notification] Loaded Shaderprogramm for render pass chunktransparent.
19.8.2025 15:03:22 [Notification] Loaded Shaderprogramm for render pass findbright.
19.8.2025 15:03:22 [Notification] Loaded Shaderprogramm for render pass chunktopsoil.
19.8.2025 15:03:22 [Notification] Loaded Shaderprogramm for render pass godrays.
19.8.2025 15:03:22 [Notification] Loaded Shaderprogramm for render pass autocamera.
19.8.2025 15:03:22 [Notification] Loaded Shaderprogramm for render pass blockhighlights.
19.8.2025 15:03:22 [Notification] Loaded Shaderprogramm for render pass wireframe.
19.8.2025 15:03:22 [Notification] Loaded Shaderprogramm for render pass entityanimated.
19.8.2025 15:03:22 [Notification] Loaded Shaderprogramm for render pass luma.
19.8.2025 15:03:22 [Notification] Loaded Shaderprogramm for render pass blit.
19.8.2025 15:03:22 [Notification] Loaded Shaderprogramm for render pass particlesquad2d.
19.8.2025 15:03:22 [Notification] Loaded Shaderprogramm for render pass shadowmapentityanimated.
19.8.2025 15:03:22 [Notification] Loaded Shaderprogramm for render pass shadowmapgeneric.
19.8.2025 15:03:22 [Notification] Loaded Shaderprogramm for render pass texture2texture.
19.8.2025 15:03:22 [Notification] Loaded Shaderprogramm for render pass celestialobject.
19.8.2025 15:03:22 [Notification] Loaded Shaderprogramm for render pass guitopsoil.
19.8.2025 15:03:22 [Notification] Loaded Shaderprogramm for render pass colorgrade.
19.8.2025 15:03:22 [Notification] Loaded Shaderprogramm for render pass guigear.
19.8.2025 15:03:22 [Notification] Loaded Shaderprogramm for render pass ssao.
19.8.2025 15:03:22 [Notification] Loaded Shaderprogramm for render pass bilateralblur.
19.8.2025 15:03:22 [Notification] Loaded Shaderprogramm for render pass chunkliquiddepth.
19.8.2025 15:03:22 [Notification] Cached session key is valid, validating with server
19.8.2025 15:03:22 [Notification] Server validation response: Good
19.8.2025 15:03:22 [Notification] Will search the following paths for mods:
19.8.2025 15:03:22 [Notification]     D:\Vintagestory\Mods
19.8.2025 15:03:22 [Notification]     C:\Users\Shadow\AppData\Roaming\VintagestoryData\Mods
19.8.2025 15:03:23 [Warning] [awearablelight] Dependency 'game': Failed parsing version string '1.20.*' at index 5: Expected PATCH version number, found '*' (best guess: 1.20.0)
19.8.2025 15:03:25 [Error] [kemono] Missing modinfo.json
19.8.2025 15:03:26 [Warning] [spearexpantion] Dependency 'game': Failed parsing version string '1.20.*' at index 5: Expected PATCH version number, found '*' (best guess: 1.20.0)
19.8.2025 15:03:27 [Warning] [realloy] Dependency 'game': Failed parsing version string '1.20.*' at index 5: Expected PATCH version number, found '*' (best guess: 1.20.0)
19.8.2025 15:03:27 [Error] [VintageRPG.zip] Missing modinfo.json
19.8.2025 15:03:29 [Warning] Multiple mods share the mod ID 'alchemy' ('alchemy_1.6.51.zip', 'alchemy_1.6.55.zip'). Will only load the highest version one - v1.6.55.
19.8.2025 15:03:29 [Warning] Multiple mods share the mod ID 'cartwrightscaravan' ('CartwrightsCaravan_1.5.1.zip', 'CartwrightsCaravan_1.6.0.zip'). Will only load the highest version one - v1.6.0.
19.8.2025 15:03:29 [Warning] Multiple mods share the mod ID 'overhaullib' ('overhaullib_0.2.11.zip', 'overhaullib_0.2.12.zip'). Will only load the highest version one - v0.2.12.
19.8.2025 15:04:33 [Notification] Window was resized to 0 0? Window probably got minimized. Will not rebuild frame buffers
